[17:19:35] [Client thread/INFO]: Setting user: Player281
[17:19:37] [Client thread/INFO]: LWJGL Version: 2.9.1
[17:19:40] [Client thread/INFO]: Reloading ResourceManager: Default, FMLFileResourcePack:Forge Mod Loader, FMLFileResourcePack:Minecraft Forge, FMLFileResourcePack:Briefjoe's Mod
[17:19:40] [Sound Library Loader/INFO]: Starting up SoundSystem...
[17:19:40] [Thread-9/INFO]: Initializing LWJGL OpenAL
[17:19:40] [Thread-9/INFO]: (The LWJGL binding of OpenAL.  For more information, see http://www.lwjgl.org)
[17:19:40] [Thread-9/INFO]: OpenAL initialized.
[17:19:41] [Sound Library Loader/INFO]: Sound engine started
[17:19:42] [Client thread/INFO]: Created: 16x16 textures-atlas
[17:19:43] [Client thread/INFO]: Reloading ResourceManager: Default, FMLFileResourcePack:Forge Mod Loader, FMLFileResourcePack:Minecraft Forge, FMLFileResourcePack:Briefjoe's Mod
[17:19:43] [Client thread/INFO]: SoundSystem shutting down...
[17:19:43] [Client thread/WARN]: Author: Paul Lamb, www.paulscode.com
[17:19:43] [Sound Library Loader/INFO]: Starting up SoundSystem...
[17:19:43] [Thread-11/INFO]: Initializing LWJGL OpenAL
[17:19:43] [Thread-11/INFO]: (The LWJGL binding of OpenAL.  For more information, see http://www.lwjgl.org)
[17:19:43] [Thread-11/INFO]: OpenAL initialized.
[17:19:43] [Sound Library Loader/INFO]: Sound engine started
[17:19:45] [Client thread/INFO]: Created: 512x512 textures-atlas
[17:19:47] [Server thread/INFO]: Starting integrated minecraft server version 1.8
[17:19:47] [Server thread/INFO]: Generating keypair
[17:19:48] [Server thread/INFO]: Preparing start region for level 0
[17:19:48] [Server thread/INFO]: Changing view distance to 12, from 10
[17:19:49] [Server thread/INFO]: Player281[local:E:975b70d1] logged in with entity id 82 at (143.50014559558454, 69.0, 77.23730185127704)
[17:19:49] [Server thread/INFO]: Player281 joined the game
[17:19:50] [Client thread/INFO]: [CHAT] §6Thank you for downloading briefjoe's Utility mod!
[17:20:19] [Server thread/INFO]: Saving and pausing game...
[17:20:19] [Server thread/INFO]: Saving chunks for level 'New World'/Overworld
[17:20:19] [Server thread/INFO]: Saving chunks for level 'New World'/Nether
[17:20:19] [Server thread/INFO]: Saving chunks for level 'New World'/The End
[17:20:21] [Server thread/INFO]: Stopping server
[17:20:21] [Server thread/INFO]: Saving players
[17:20:21] [Server thread/INFO]: Saving worlds
[17:20:21] [Server thread/INFO]: Saving chunks for level 'New World'/Overworld
[17:20:21] [Server thread/INFO]: Saving chunks for level 'New World'/Nether
[17:20:21] [Server thread/INFO]: Saving chunks for level 'New World'/The End
[17:20:22] [Client thread/INFO]: Stopping!
[17:20:22] [Client thread/INFO]: SoundSystem shutting down...
[17:20:22] [Client thread/WARN]: Author: Paul Lamb, www.paulscode.com
